Arguments: 
  C:\Program Files\nodejs\node.exe C:\Users\edgarespinoza\AppData\Roaming\npm\node_modules\yarn\bin\yarn.js add boby-parser

PATH: 
  C:\Program Files (x86)\Common Files\Oracle\Java\javapath;C:\app\client\LENOVO\product\12.2.0\client_1;C:\app\client\LENOVO\product\12.2.0\client_1\bin;C:\WINDOWS\system32;C:\WINDOWS;C:\WINDOWS\System32\Wbem;C:\WINDOWS\System32\WindowsPowerShell\v1.0\;C:\WINDOWS\System32\OpenSSH\;C:\Program Files\dotnet\;C:\Program Files\Microsoft SQL Server\130\Tools\Binn\;C:\Program Files\Microsoft SQL Server\Client SDK\ODBC\170\Tools\Binn\;C:\Program Files\Intel\WiFi\bin\;C:\Program Files\Common Files\Intel\WirelessCommon\;C:\Program Files (x86)\Microsoft SQL Server\150\Tools\Binn\;C:\Program Files\Microsoft SQL Server\150\Tools\Binn\;C:\Program Files\Microsoft SQL Server\150\DTS\Binn\;C:\Program Files (x86)\Microsoft SQL Server\150\DTS\Binn\;C:\Program Files (x86)\Microsoft Emulator Manager\1.0\;C:\Program Files\Git\cmd;C:\Program Files\nodejs\;C:\Users\edgarespinoza\AppData\Local\Microsoft\WindowsApps;C:\Users\edgarespinoza\AppData\Local\Programs\Fiddler;C:\Users\edgarespinoza\.dotnet\tools;C:\Users\edgarespinoza\AppData\Local\Microsoft\WindowsApps;C:\Users\edgarespinoza\AppData\Local\Programs\Microsoft VS Code\bin;C:\Users\edgarespinoza\.dotnet\tools;C:\Users\edgarespinoza\AppData\Local\GitHubDesktop\bin;C:\Users\edgarespinoza\AppData\Roaming\npm

Yarn version: 
  1.22.11

Node version: 
  14.17.5

Platform: 
  win32 x64

Trace: 
  Error: https://registry.yarnpkg.com/boby-parser: Not found
      at Request.params.callback [as _callback] (C:\Users\edgarespinoza\AppData\Roaming\npm\node_modules\yarn\lib\cli.js:66992:18)
      at Request.self.callback (C:\Users\edgarespinoza\AppData\Roaming\npm\node_modules\yarn\lib\cli.js:140763:22)
      at Request.emit (events.js:400:28)
      at Request.<anonymous> (C:\Users\edgarespinoza\AppData\Roaming\npm\node_modules\yarn\lib\cli.js:141735:10)
      at Request.emit (events.js:400:28)
      at IncomingMessage.<anonymous> (C:\Users\edgarespinoza\AppData\Roaming\npm\node_modules\yarn\lib\cli.js:141657:12)
      at Object.onceWrapper (events.js:519:28)
      at IncomingMessage.emit (events.js:412:35)
      at endReadableNT (internal/streams/readable.js:1317:12)
      at processTicksAndRejections (internal/process/task_queues.js:82:21)

npm manifest: 
  {
    "name": "alex-backend",
    "version": "0.0.1",
    "description": "backend para la web alexgonzalese",
    "main": "index.js",
    "author": "alexanderespinoza",
    "license": "ISC",
    "dependencies": {
      "bcrypt-nodejs": "^0.0.3"
    }
  }

yarn manifest: 
  No manifest

Lockfile: 
  # THIS IS AN AUTOGENERATED FILE. DO NOT EDIT THIS FILE DIRECTLY.
  # yarn lockfile v1
  
  
  bcrypt-nodejs@^0.0.3:
    version "0.0.3"
    resolved "https://registry.yarnpkg.com/bcrypt-nodejs/-/bcrypt-nodejs-0.0.3.tgz#c60917f26dc235661566c681061c303c2b28842b"
    integrity sha1-xgkX8m3CNWYVZsaBBhwwPCsohCs=
